09/02/22 07:08:16 PM Wednesday - WebDriverClass - INFO : Chrome Driver is initializing
09/02/22 07:08:21 PM Wednesday - BaseClass - INFO : Web Page Launched with URL : http://backend.tmsapp.2stallions.site/login
09/02/22 07:08:21 PM Wednesday - BaseClass - INFO : WebElement found with locator value (//a[normalize-space()='Forgot password?'])[1] using locatorType xpath
09/02/22 07:08:21 PM Wednesday - BaseClass - INFO : Clicked on WebElement with locator value (//a[normalize-space()='Forgot password?'])[1] using locatorType xpath
09/02/22 07:08:21 PM Wednesday - BaseClass - INFO : WebElement found with locator value email using locatorType id
09/02/22 07:08:22 PM Wednesday - BaseClass - INFO : Sent the text testing@mail.com in WebElement with locator value email using locatorType id
09/02/22 07:08:22 PM Wednesday - BaseClass - INFO : WebElement found with locator value //button using locatorType xpath
09/02/22 07:08:23 PM Wednesday - BaseClass - INFO : Clicked on WebElement with locator value //button using locatorType xpath
09/02/22 07:08:23 PM Wednesday - BaseClass - INFO : WebElement found with locator value //button using locatorType xpath
09/02/22 07:08:24 PM Wednesday - BaseClass - INFO : Clicked on WebElement with locator value //button using locatorType xpath
09/02/22 07:08:24 PM Wednesday - BaseClass - INFO : WebElement found with locator value .text-primary.ml-2 using locatorType css
09/02/22 07:08:24 PM Wednesday - BaseClass - INFO : Clicked on WebElement with locator value .text-primary.ml-2 using locatorType css
09/02/22 07:08:24 PM Wednesday - BaseClass - INFO : WebElement found with locator value email using locatorType id
09/02/22 07:08:24 PM Wednesday - BaseClass - INFO : Sent the text superadmin@mail.com in WebElement with locator value email using locatorType id
09/02/22 07:08:24 PM Wednesday - BaseClass - INFO : WebElement found with locator value password using locatorType id
09/02/22 07:08:25 PM Wednesday - BaseClass - INFO : Sent the text 123456 in WebElement with locator value password using locatorType id
09/02/22 07:08:25 PM Wednesday - BaseClass - INFO : WebElement found with locator value //button using locatorType xpath
09/02/22 07:08:27 PM Wednesday - BaseClass - INFO : Clicked on WebElement with locator value //button using locatorType xpath
09/02/22 07:08:27 PM Wednesday - BaseClass - INFO : WebElement found with locator value (//span[@class='ml-1 nav-user-name hidden-sm'])[1] using locatorType xpath
09/02/22 07:08:27 PM Wednesday - BaseClass - INFO : Clicked on WebElement with locator value (//span[@class='ml-1 nav-user-name hidden-sm'])[1] using locatorType xpath
09/02/22 07:08:27 PM Wednesday - BaseClass - INFO : WebElement found with locator value (//a[normalize-space()='Logout'])[1] using locatorType xpath
09/02/22 07:08:28 PM Wednesday - BaseClass - INFO : Clicked on WebElement with locator value (//a[normalize-space()='Logout'])[1] using locatorType xpath
10/02/22 11:54:22 AM Thursday - WebDriverClass - INFO : Chrome Driver is initializing
10/02/22 11:54:28 AM Thursday - BaseClass - INFO : Web Page Launched with URL : http://backend.tmsapp.2stallions.site/login
10/02/22 11:54:28 AM Thursday - BaseClass - INFO : WebElement found with locator value (//a[normalize-space()='Forgot password?'])[1] using locatorType xpath
10/02/22 11:54:29 AM Thursday - BaseClass - INFO : Clicked on WebElement with locator value (//a[normalize-space()='Forgot password?'])[1] using locatorType xpath
10/02/22 11:54:29 AM Thursday - BaseClass - INFO : WebElement found with locator value email using locatorType id
10/02/22 11:54:29 AM Thursday - BaseClass - INFO : Sent the text testing@mail.com in WebElement with locator value email using locatorType id
10/02/22 11:54:29 AM Thursday - BaseClass - INFO : WebElement found with locator value //button using locatorType xpath
10/02/22 11:54:30 AM Thursday - BaseClass - INFO : Clicked on WebElement with locator value //button using locatorType xpath
10/02/22 11:54:30 AM Thursday - BaseClass - INFO : WebElement found with locator value //button using locatorType xpath
10/02/22 11:54:32 AM Thursday - BaseClass - INFO : Clicked on WebElement with locator value //button using locatorType xpath
10/02/22 11:54:32 AM Thursday - BaseClass - INFO : WebElement found with locator value .text-primary.ml-2 using locatorType css
10/02/22 11:54:32 AM Thursday - BaseClass - INFO : Clicked on WebElement with locator value .text-primary.ml-2 using locatorType css
10/02/22 11:54:32 AM Thursday - BaseClass - INFO : WebElement found with locator value email using locatorType id
10/02/22 11:54:33 AM Thursday - BaseClass - INFO : Sent the text superadmin@mail.com in WebElement with locator value email using locatorType id
10/02/22 11:54:33 AM Thursday - BaseClass - INFO : WebElement found with locator value password using locatorType id
10/02/22 11:54:33 AM Thursday - BaseClass - INFO : Sent the text 123456 in WebElement with locator value password using locatorType id
10/02/22 11:54:33 AM Thursday - BaseClass - INFO : WebElement found with locator value //button using locatorType xpath
10/02/22 11:54:35 AM Thursday - BaseClass - INFO : Clicked on WebElement with locator value //button using locatorType xpath
10/02/22 11:54:35 AM Thursday - BaseClass - INFO : WebElement found with locator value (//span[@class='ml-1 nav-user-name hidden-sm'])[1] using locatorType xpath
10/02/22 11:54:35 AM Thursday - BaseClass - INFO : Clicked on WebElement with locator value (//span[@class='ml-1 nav-user-name hidden-sm'])[1] using locatorType xpath
10/02/22 11:54:35 AM Thursday - BaseClass - INFO : WebElement found with locator value (//a[normalize-space()='Logout'])[1] using locatorType xpath
10/02/22 11:54:36 AM Thursday - BaseClass - INFO : Clicked on WebElement with locator value (//a[normalize-space()='Logout'])[1] using locatorType xpath
10/02/22 12:08:02 PM Thursday - WebDriverClass - INFO : Chrome Driver is initializing
10/02/22 12:08:07 PM Thursday - BaseClass - INFO : Web Page Launched with URL : http://backend.tmsapp.2stallions.site/login
10/02/22 12:08:07 PM Thursday - BaseClass - INFO : WebElement found with locator value (//a[normalize-space()='Forgot password?'])[1] using locatorType xpath
10/02/22 12:08:08 PM Thursday - BaseClass - INFO : Clicked on WebElement with locator value (//a[normalize-space()='Forgot password?'])[1] using locatorType xpath
10/02/22 12:08:08 PM Thursday - BaseClass - INFO : WebElement found with locator value email using locatorType id
10/02/22 12:08:08 PM Thursday - BaseClass - INFO : Sent the text testing@mail.com in WebElement with locator value email using locatorType id
10/02/22 12:08:08 PM Thursday - BaseClass - INFO : WebElement found with locator value //button using locatorType xpath
10/02/22 12:08:09 PM Thursday - BaseClass - INFO : Clicked on WebElement with locator value //button using locatorType xpath
10/02/22 12:08:09 PM Thursday - BaseClass - INFO : WebElement found with locator value //button using locatorType xpath
10/02/22 12:08:10 PM Thursday - BaseClass - INFO : Clicked on WebElement with locator value //button using locatorType xpath
10/02/22 12:08:10 PM Thursday - BaseClass - INFO : WebElement found with locator value .text-primary.ml-2 using locatorType css
10/02/22 12:08:11 PM Thursday - BaseClass - INFO : Clicked on WebElement with locator value .text-primary.ml-2 using locatorType css
10/02/22 12:08:11 PM Thursday - BaseClass - INFO : WebElement found with locator value email using locatorType id
10/02/22 12:08:11 PM Thursday - BaseClass - INFO : Sent the text superadmin@mail.com in WebElement with locator value email using locatorType id
10/02/22 12:08:11 PM Thursday - BaseClass - INFO : WebElement found with locator value password using locatorType id
10/02/22 12:08:11 PM Thursday - BaseClass - INFO : Sent the text 123456 in WebElement with locator value password using locatorType id
10/02/22 12:08:11 PM Thursday - BaseClass - INFO : WebElement found with locator value //button using locatorType xpath
10/02/22 12:08:14 PM Thursday - BaseClass - INFO : Clicked on WebElement with locator value //button using locatorType xpath
10/02/22 12:08:14 PM Thursday - BaseClass - INFO : WebElement found with locator value (//span[@class='ml-1 nav-user-name hidden-sm'])[1] using locatorType xpath
10/02/22 12:08:14 PM Thursday - BaseClass - INFO : Clicked on WebElement with locator value (//span[@class='ml-1 nav-user-name hidden-sm'])[1] using locatorType xpath
10/02/22 12:08:14 PM Thursday - BaseClass - INFO : WebElement found with locator value (//a[normalize-space()='Logout'])[1] using locatorType xpath
10/02/22 12:08:15 PM Thursday - BaseClass - INFO : Clicked on WebElement with locator value (//a[normalize-space()='Logout'])[1] using locatorType xpath
10/02/22 12:09:31 PM Thursday - WebDriverClass - INFO : Chrome Driver is initializing
10/02/22 12:09:35 PM Thursday - BaseClass - INFO : Web Page Launched with URL : http://backend.tmsapp.2stallions.site/login
10/02/22 12:09:35 PM Thursday - BaseClass - INFO : WebElement found with locator value (//a[normalize-space()='Forgot password?'])[1] using locatorType xpath
10/02/22 12:09:35 PM Thursday - BaseClass - INFO : Clicked on WebElement with locator value (//a[normalize-space()='Forgot password?'])[1] using locatorType xpath
10/02/22 12:09:35 PM Thursday - BaseClass - INFO : WebElement found with locator value email using locatorType id
10/02/22 12:09:35 PM Thursday - BaseClass - INFO : Sent the text testing@mail.com in WebElement with locator value email using locatorType id
10/02/22 12:09:35 PM Thursday - BaseClass - INFO : WebElement found with locator value //button using locatorType xpath
10/02/22 12:09:36 PM Thursday - BaseClass - INFO : Clicked on WebElement with locator value //button using locatorType xpath
10/02/22 12:09:36 PM Thursday - BaseClass - INFO : WebElement found with locator value //button using locatorType xpath
10/02/22 12:09:37 PM Thursday - BaseClass - INFO : Clicked on WebElement with locator value //button using locatorType xpath
10/02/22 12:09:37 PM Thursday - BaseClass - INFO : WebElement found with locator value .text-primary.ml-2 using locatorType css
10/02/22 12:09:38 PM Thursday - BaseClass - INFO : Clicked on WebElement with locator value .text-primary.ml-2 using locatorType css
10/02/22 12:09:38 PM Thursday - BaseClass - INFO : WebElement found with locator value email using locatorType id
10/02/22 12:09:38 PM Thursday - BaseClass - INFO : Sent the text superadmin@mail.com in WebElement with locator value email using locatorType id
10/02/22 12:09:38 PM Thursday - BaseClass - INFO : WebElement found with locator value password using locatorType id
10/02/22 12:09:38 PM Thursday - BaseClass - INFO : Sent the text 123456 in WebElement with locator value password using locatorType id
10/02/22 12:09:38 PM Thursday - BaseClass - INFO : WebElement found with locator value //button using locatorType xpath
10/02/22 12:09:41 PM Thursday - BaseClass - INFO : Clicked on WebElement with locator value //button using locatorType xpath
10/02/22 12:09:41 PM Thursday - BaseClass - INFO : WebElement found with locator value (//span[@class='ml-1 nav-user-name hidden-sm'])[1] using locatorType xpath
10/02/22 12:09:41 PM Thursday - BaseClass - INFO : Clicked on WebElement with locator value (//span[@class='ml-1 nav-user-name hidden-sm'])[1] using locatorType xpath
10/02/22 12:09:41 PM Thursday - BaseClass - INFO : WebElement found with locator value (//a[normalize-space()='Logout'])[1] using locatorType xpath
10/02/22 12:09:42 PM Thursday - BaseClass - INFO : Clicked on WebElement with locator value (//a[normalize-space()='Logout'])[1] using locatorType xpath
10/02/22 12:14:32 PM Thursday - WebDriverClass - INFO : Chrome Driver is initializing
10/02/22 12:14:36 PM Thursday - BaseClass - INFO : Web Page Launched with URL : http://backend.tmsapp.2stallions.site/login
10/02/22 12:14:36 PM Thursday - BaseClass - INFO : WebElement found with locator value email using locatorType id
10/02/22 12:14:36 PM Thursday - BaseClass - INFO : Sent the text superadmin@mail.com in WebElement with locator value email using locatorType id
10/02/22 12:14:36 PM Thursday - BaseClass - INFO : WebElement found with locator value password using locatorType id
10/02/22 12:14:36 PM Thursday - BaseClass - INFO : Sent the text 123456 in WebElement with locator value password using locatorType id
10/02/22 12:14:36 PM Thursday - BaseClass - INFO : WebElement found with locator value //button using locatorType xpath
10/02/22 12:14:38 PM Thursday - BaseClass - INFO : Clicked on WebElement with locator value //button using locatorType xpath
10/02/22 12:14:38 PM Thursday - BaseClass - INFO : WebElement found with locator value (//span[@class='ml-1 nav-user-name hidden-sm'])[1] using locatorType xpath
10/02/22 12:14:38 PM Thursday - BaseClass - INFO : Clicked on WebElement with locator value (//span[@class='ml-1 nav-user-name hidden-sm'])[1] using locatorType xpath
10/02/22 12:14:39 PM Thursday - BaseClass - INFO : WebElement found with locator value (//a[normalize-space()='Logout'])[1] using locatorType xpath
10/02/22 12:14:40 PM Thursday - BaseClass - INFO : Clicked on WebElement with locator value (//a[normalize-space()='Logout'])[1] using locatorType xpath
10/02/22 12:14:40 PM Thursday - BaseClass - INFO : WebElement found with locator value (//a[normalize-space()='Forgot password?'])[1] using locatorType xpath
10/02/22 12:14:40 PM Thursday - BaseClass - INFO : Clicked on WebElement with locator value (//a[normalize-space()='Forgot password?'])[1] using locatorType xpath
10/02/22 12:14:40 PM Thursday - BaseClass - INFO : WebElement found with locator value email using locatorType id
10/02/22 12:14:41 PM Thursday - BaseClass - INFO : Sent the text testing@mail.com in WebElement with locator value email using locatorType id
10/02/22 12:14:41 PM Thursday - BaseClass - INFO : WebElement found with locator value //button using locatorType xpath
10/02/22 12:14:41 PM Thursday - BaseClass - INFO : Clicked on WebElement with locator value //button using locatorType xpath
10/02/22 12:14:41 PM Thursday - BaseClass - INFO : WebElement found with locator value //button using locatorType xpath
10/02/22 12:14:42 PM Thursday - BaseClass - INFO : Clicked on WebElement with locator value //button using locatorType xpath
10/02/22 12:14:42 PM Thursday - BaseClass - INFO : WebElement found with locator value .text-primary.ml-2 using locatorType css
10/02/22 12:14:43 PM Thursday - BaseClass - INFO : Clicked on WebElement with locator value .text-primary.ml-2 using locatorType css
10/02/22 01:06:24 PM Thursday - WebDriverClass - INFO : Chrome Driver is initializing
10/02/22 01:06:32 PM Thursday - BaseClass - INFO : Web Page Launched with URL : http://backend.tmsapp.2stallions.site/login
10/02/22 01:06:32 PM Thursday - BaseClass - INFO : WebElement found with locator value (//a[normalize-space()='Forgot password?'])[1] using locatorType xpath
10/02/22 01:06:32 PM Thursday - BaseClass - INFO : Clicked on WebElement with locator value (//a[normalize-space()='Forgot password?'])[1] using locatorType xpath
10/02/22 01:06:32 PM Thursday - BaseClass - INFO : WebElement found with locator value email using locatorType id
10/02/22 01:06:33 PM Thursday - BaseClass - INFO : Sent the text testing@mail.com in WebElement with locator value email using locatorType id
10/02/22 01:06:33 PM Thursday - BaseClass - INFO : WebElement found with locator value //button using locatorType xpath
10/02/22 01:06:34 PM Thursday - BaseClass - INFO : Clicked on WebElement with locator value //button using locatorType xpath
10/02/22 01:06:34 PM Thursday - BaseClass - INFO : WebElement found with locator value //button using locatorType xpath
10/02/22 01:06:35 PM Thursday - BaseClass - INFO : Clicked on WebElement with locator value //button using locatorType xpath
10/02/22 01:06:35 PM Thursday - BaseClass - INFO : WebElement found with locator value .text-primary.ml-2 using locatorType css
10/02/22 01:06:36 PM Thursday - BaseClass - INFO : Clicked on WebElement with locator value .text-primary.ml-2 using locatorType css
10/02/22 01:06:36 PM Thursday - BaseClass - INFO : WebElement found with locator value email using locatorType id
10/02/22 01:06:36 PM Thursday - BaseClass - INFO : Sent the text superadmin@mail.com in WebElement with locator value email using locatorType id
10/02/22 01:06:36 PM Thursday - BaseClass - INFO : WebElement found with locator value password using locatorType id
10/02/22 01:06:36 PM Thursday - BaseClass - INFO : Sent the text 123456 in WebElement with locator value password using locatorType id
10/02/22 01:06:36 PM Thursday - BaseClass - INFO : WebElement found with locator value //button using locatorType xpath
10/02/22 01:06:38 PM Thursday - BaseClass - INFO : Clicked on WebElement with locator value //button using locatorType xpath
10/02/22 01:06:38 PM Thursday - BaseClass - INFO : WebElement found with locator value (//span[@class='ml-1 nav-user-name hidden-sm'])[1] using locatorType xpath
10/02/22 01:06:38 PM Thursday - BaseClass - INFO : Clicked on WebElement with locator value (//span[@class='ml-1 nav-user-name hidden-sm'])[1] using locatorType xpath
10/02/22 01:06:38 PM Thursday - BaseClass - INFO : WebElement found with locator value (//a[normalize-space()='Logout'])[1] using locatorType xpath
10/02/22 01:06:39 PM Thursday - BaseClass - INFO : Clicked on WebElement with locator value (//a[normalize-space()='Logout'])[1] using locatorType xpath
10/02/22 02:26:27 PM Thursday - WebDriverClass - INFO : Chrome Driver is initializing
10/02/22 02:26:33 PM Thursday - BaseClass - INFO : Web Page Launched with URL : http://backend.tmsapp.2stallions.site/login
10/02/22 02:26:33 PM Thursday - BaseClass - INFO : WebElement found with locator value (//a[normalize-space()='Forgot password?'])[1] using locatorType xpath
10/02/22 02:26:34 PM Thursday - BaseClass - INFO : Clicked on WebElement with locator value (//a[normalize-space()='Forgot password?'])[1] using locatorType xpath
10/02/22 02:26:34 PM Thursday - BaseClass - INFO : WebElement found with locator value email using locatorType id
10/02/22 02:26:35 PM Thursday - BaseClass - INFO : Sent the text testing@mail.com in WebElement with locator value email using locatorType id
10/02/22 02:26:35 PM Thursday - BaseClass - INFO : WebElement found with locator value //button using locatorType xpath
10/02/22 02:26:38 PM Thursday - BaseClass - INFO : Clicked on WebElement with locator value //button using locatorType xpath
10/02/22 02:26:38 PM Thursday - BaseClass - INFO : WebElement found with locator value //button using locatorType xpath
10/02/22 02:26:39 PM Thursday - BaseClass - INFO : Clicked on WebElement with locator value //button using locatorType xpath
10/02/22 02:26:39 PM Thursday - BaseClass - INFO : WebElement found with locator value .text-primary.ml-2 using locatorType css
10/02/22 02:26:40 PM Thursday - BaseClass - INFO : Clicked on WebElement with locator value .text-primary.ml-2 using locatorType css
10/02/22 02:26:40 PM Thursday - BaseClass - INFO : WebElement found with locator value email using locatorType id
10/02/22 02:26:40 PM Thursday - BaseClass - INFO : Sent the text superadmin@mail.com in WebElement with locator value email using locatorType id
10/02/22 02:26:40 PM Thursday - BaseClass - INFO : WebElement found with locator value password using locatorType id
10/02/22 02:26:40 PM Thursday - BaseClass - INFO : Sent the text 123456 in WebElement with locator value password using locatorType id
10/02/22 02:26:40 PM Thursday - BaseClass - INFO : WebElement found with locator value //button using locatorType xpath
10/02/22 02:26:47 PM Thursday - BaseClass - INFO : Clicked on WebElement with locator value //button using locatorType xpath
10/02/22 02:26:47 PM Thursday - BaseClass - INFO : WebElement found with locator value (//span[@class='ml-1 nav-user-name hidden-sm'])[1] using locatorType xpath
10/02/22 02:26:48 PM Thursday - BaseClass - INFO : Clicked on WebElement with locator value (//span[@class='ml-1 nav-user-name hidden-sm'])[1] using locatorType xpath
10/02/22 02:26:48 PM Thursday - BaseClass - INFO : WebElement found with locator value (//a[normalize-space()='Logout'])[1] using locatorType xpath
10/02/22 02:26:50 PM Thursday - BaseClass - INFO : Clicked on WebElement with locator value (//a[normalize-space()='Logout'])[1] using locatorType xpath
10/02/22 02:30:07 PM Thursday - WebDriverClass - INFO : Chrome Driver is initializing
10/02/22 02:30:15 PM Thursday - BaseClass - INFO : Web Page Launched with URL : http://backend.tmsapp.2stallions.site/login
10/02/22 02:30:15 PM Thursday - BaseClass - INFO : WebElement found with locator value (//a[normalize-space()='Forgot password?'])[1] using locatorType xpath
10/02/22 02:30:16 PM Thursday - BaseClass - INFO : Clicked on WebElement with locator value (//a[normalize-space()='Forgot password?'])[1] using locatorType xpath
10/02/22 02:30:16 PM Thursday - BaseClass - INFO : WebElement found with locator value email using locatorType id
10/02/22 02:30:16 PM Thursday - BaseClass - INFO : Sent the text testing@mail.com in WebElement with locator value email using locatorType id
10/02/22 02:30:16 PM Thursday - BaseClass - INFO : WebElement found with locator value //button using locatorType xpath
10/02/22 02:30:16 PM Thursday - BaseClass - INFO : Clicked on WebElement with locator value //button using locatorType xpath
10/02/22 02:30:17 PM Thursday - BaseClass - INFO : WebElement found with locator value //button using locatorType xpath
10/02/22 02:30:19 PM Thursday - BaseClass - INFO : Clicked on WebElement with locator value //button using locatorType xpath
10/02/22 02:30:19 PM Thursday - BaseClass - INFO : WebElement found with locator value .text-primary.ml-2 using locatorType css
10/02/22 02:30:19 PM Thursday - BaseClass - INFO : Clicked on WebElement with locator value .text-primary.ml-2 using locatorType css
10/02/22 02:30:19 PM Thursday - BaseClass - INFO : WebElement found with locator value email using locatorType id
10/02/22 02:30:19 PM Thursday - BaseClass - INFO : Sent the text superadmin@mail.com in WebElement with locator value email using locatorType id
10/02/22 02:30:19 PM Thursday - BaseClass - INFO : WebElement found with locator value password using locatorType id
10/02/22 02:30:20 PM Thursday - BaseClass - INFO : Sent the text 123456 in WebElement with locator value password using locatorType id
10/02/22 02:30:20 PM Thursday - BaseClass - INFO : WebElement found with locator value //button using locatorType xpath
10/02/22 02:30:24 PM Thursday - BaseClass - INFO : Clicked on WebElement with locator value //button using locatorType xpath
10/02/22 02:30:24 PM Thursday - BaseClass - INFO : WebElement found with locator value (//span[@class='ml-1 nav-user-name hidden-sm'])[1] using locatorType xpath
10/02/22 02:30:24 PM Thursday - BaseClass - INFO : Clicked on WebElement with locator value (//span[@class='ml-1 nav-user-name hidden-sm'])[1] using locatorType xpath
10/02/22 02:30:24 PM Thursday - BaseClass - INFO : WebElement found with locator value (//a[normalize-space()='Logout'])[1] using locatorType xpath
10/02/22 02:30:25 PM Thursday - BaseClass - INFO : Clicked on WebElement with locator value (//a[normalize-space()='Logout'])[1] using locatorType xpath
10/02/22 05:43:14 PM Thursday - WebDriverClass - INFO : Chrome Driver is initializing
10/02/22 05:43:20 PM Thursday - BaseClass - INFO : Web Page Launched with URL : http://backend.tmsapp.2stallions.site/login
10/02/22 05:43:20 PM Thursday - BaseClass - INFO : WebElement found with locator value (//a[normalize-space()='Forgot password?'])[1] using locatorType xpath
10/02/22 05:43:20 PM Thursday - BaseClass - INFO : Clicked on WebElement with locator value (//a[normalize-space()='Forgot password?'])[1] using locatorType xpath
10/02/22 05:43:20 PM Thursday - BaseClass - INFO : WebElement found with locator value email using locatorType id
10/02/22 05:43:21 PM Thursday - BaseClass - INFO : Sent the text testing@mail.com in WebElement with locator value email using locatorType id
10/02/22 05:43:21 PM Thursday - BaseClass - INFO : WebElement found with locator value //button using locatorType xpath
10/02/22 05:43:22 PM Thursday - BaseClass - INFO : Clicked on WebElement with locator value //button using locatorType xpath
10/02/22 05:43:22 PM Thursday - BaseClass - INFO : WebElement found with locator value //button using locatorType xpath
10/02/22 05:43:23 PM Thursday - BaseClass - INFO : Clicked on WebElement with locator value //button using locatorType xpath
10/02/22 05:43:23 PM Thursday - BaseClass - INFO : WebElement found with locator value .text-primary.ml-2 using locatorType css
10/02/22 05:43:24 PM Thursday - BaseClass - INFO : Clicked on WebElement with locator value .text-primary.ml-2 using locatorType css
10/02/22 05:43:24 PM Thursday - BaseClass - INFO : WebElement found with locator value email using locatorType id
10/02/22 05:43:24 PM Thursday - BaseClass - INFO : Sent the text nikhil@2stallions.com in WebElement with locator value email using locatorType id
10/02/22 05:43:24 PM Thursday - BaseClass - INFO : WebElement found with locator value password using locatorType id
10/02/22 05:43:24 PM Thursday - BaseClass - INFO : Sent the text 123456 in WebElement with locator value password using locatorType id
10/02/22 05:43:24 PM Thursday - BaseClass - INFO : WebElement found with locator value //button using locatorType xpath
10/02/22 05:43:27 PM Thursday - BaseClass - INFO : Clicked on WebElement with locator value //button using locatorType xpath
10/02/22 05:43:27 PM Thursday - BaseClass - INFO : WebElement found with locator value (//span[@class='ml-1 nav-user-name hidden-sm'])[1] using locatorType xpath
10/02/22 05:43:27 PM Thursday - BaseClass - INFO : Clicked on WebElement with locator value (//span[@class='ml-1 nav-user-name hidden-sm'])[1] using locatorType xpath
10/02/22 05:43:27 PM Thursday - BaseClass - INFO : WebElement found with locator value (//a[normalize-space()='Logout'])[1] using locatorType xpath
10/02/22 05:43:28 PM Thursday - BaseClass - INFO : Clicked on WebElement with locator value (//a[normalize-space()='Logout'])[1] using locatorType xpath
10/02/22 05:45:11 PM Thursday - WebDriverClass - INFO : Chrome Driver is initializing
10/02/22 05:45:16 PM Thursday - BaseClass - INFO : Web Page Launched with URL : http://backend.tmsapp.2stallions.site/login
10/02/22 05:45:16 PM Thursday - BaseClass - INFO : WebElement found with locator value email using locatorType id
10/02/22 05:45:16 PM Thursday - BaseClass - INFO : Sent the text nikhil@2stallions.com in WebElement with locator value email using locatorType id
10/02/22 05:45:16 PM Thursday - BaseClass - INFO : WebElement found with locator value password using locatorType id
10/02/22 05:45:16 PM Thursday - BaseClass - INFO : Sent the text 123456 in WebElement with locator value password using locatorType id
10/02/22 05:45:16 PM Thursday - BaseClass - INFO : WebElement found with locator value //button using locatorType xpath
10/02/22 05:45:20 PM Thursday - BaseClass - INFO : Clicked on WebElement with locator value //button using locatorType xpath
10/02/22 05:45:20 PM Thursday - BaseClass - INFO : WebElement found with locator value (//span[@class='ml-1 nav-user-name hidden-sm'])[1] using locatorType xpath
10/02/22 05:45:20 PM Thursday - BaseClass - INFO : Clicked on WebElement with locator value (//span[@class='ml-1 nav-user-name hidden-sm'])[1] using locatorType xpath
10/02/22 05:45:46 PM Thursday - BaseClass - ERROR : WebElement not found with locator value //a[text()=' Change Password'] using locatorType id
10/02/22 05:45:46 PM Thursday - BaseClass - ERROR : Unable to Click on WebElement with locator value //a[text()=' Change Password'] using locatorType id
10/02/22 05:46:54 PM Thursday - WebDriverClass - INFO : Chrome Driver is initializing
10/02/22 05:47:00 PM Thursday - BaseClass - INFO : Web Page Launched with URL : http://backend.tmsapp.2stallions.site/login
10/02/22 05:47:00 PM Thursday - BaseClass - INFO : WebElement found with locator value email using locatorType id
10/02/22 05:47:00 PM Thursday - BaseClass - INFO : Sent the text nikhil@2stallions.com in WebElement with locator value email using locatorType id
10/02/22 05:47:00 PM Thursday - BaseClass - INFO : WebElement found with locator value password using locatorType id
10/02/22 05:47:00 PM Thursday - BaseClass - INFO : Sent the text 123456 in WebElement with locator value password using locatorType id
10/02/22 05:47:00 PM Thursday - BaseClass - INFO : WebElement found with locator value //button using locatorType xpath
10/02/22 05:47:03 PM Thursday - BaseClass - INFO : Clicked on WebElement with locator value //button using locatorType xpath
10/02/22 05:47:03 PM Thursday - BaseClass - INFO : WebElement found with locator value (//span[@class='ml-1 nav-user-name hidden-sm'])[1] using locatorType xpath
10/02/22 05:47:03 PM Thursday - BaseClass - INFO : Clicked on WebElement with locator value (//span[@class='ml-1 nav-user-name hidden-sm'])[1] using locatorType xpath
10/02/22 05:47:03 PM Thursday - BaseClass - INFO : WebElement found with locator value //a[text()=' Change Password'] using locatorType xpath
10/02/22 05:47:05 PM Thursday - BaseClass - INFO : Clicked on WebElement with locator value //a[text()=' Change Password'] using locatorType xpath
10/02/22 05:47:05 PM Thursday - BaseClass - INFO : WebElement found with locator value old_password using locatorType id
10/02/22 05:47:05 PM Thursday - BaseClass - INFO : Sent the text 123456 in WebElement with locator value old_password using locatorType id
10/02/22 05:47:05 PM Thursday - BaseClass - INFO : WebElement found with locator value new_password using locatorType id
10/02/22 05:47:05 PM Thursday - BaseClass - INFO : Sent the text 123456 in WebElement with locator value new_password using locatorType id
10/02/22 05:47:05 PM Thursday - BaseClass - INFO : WebElement found with locator value confirm_new_password using locatorType id
10/02/22 05:47:05 PM Thursday - BaseClass - INFO : Sent the text 123456 in WebElement with locator value confirm_new_password using locatorType id
10/02/22 05:47:05 PM Thursday - BaseClass - INFO : WebElement found with locator value .btn.btn-primary.px-4.float-right using locatorType css
10/02/22 05:47:06 PM Thursday - BaseClass - INFO : Clicked on WebElement with locator value .btn.btn-primary.px-4.float-right using locatorType css
10/02/22 05:52:52 PM Thursday - WebDriverClass - INFO : Chrome Driver is initializing
10/02/22 05:52:57 PM Thursday - BaseClass - INFO : Web Page Launched with URL : http://backend.tmsapp.2stallions.site/login
10/02/22 05:52:57 PM Thursday - BaseClass - INFO : WebElement found with locator value email using locatorType id
10/02/22 05:52:57 PM Thursday - BaseClass - INFO : Sent the text nikhil@2stallions.com in WebElement with locator value email using locatorType id
10/02/22 05:52:57 PM Thursday - BaseClass - INFO : WebElement found with locator value password using locatorType id
10/02/22 05:52:57 PM Thursday - BaseClass - INFO : Sent the text 123456 in WebElement with locator value password using locatorType id
10/02/22 05:52:57 PM Thursday - BaseClass - INFO : WebElement found with locator value //button using locatorType xpath
10/02/22 05:53:00 PM Thursday - BaseClass - INFO : Clicked on WebElement with locator value //button using locatorType xpath
10/02/22 05:53:00 PM Thursday - BaseClass - INFO : WebElement found with locator value (//span[@class='ml-1 nav-user-name hidden-sm'])[1] using locatorType xpath
10/02/22 05:53:00 PM Thursday - BaseClass - INFO : Clicked on WebElement with locator value (//span[@class='ml-1 nav-user-name hidden-sm'])[1] using locatorType xpath
10/02/22 05:53:00 PM Thursday - BaseClass - INFO : WebElement found with locator value //a[text()=' Change Password'] using locatorType xpath
10/02/22 05:53:00 PM Thursday - BaseClass - INFO : Clicked on WebElement with locator value //a[text()=' Change Password'] using locatorType xpath
10/02/22 05:53:00 PM Thursday - BaseClass - INFO : WebElement found with locator value old_password using locatorType id
10/02/22 05:53:00 PM Thursday - BaseClass - INFO : Sent the text 123456 in WebElement with locator value old_password using locatorType id
10/02/22 05:53:00 PM Thursday - BaseClass - INFO : WebElement found with locator value new_password using locatorType id
10/02/22 05:53:00 PM Thursday - BaseClass - INFO : Sent the text 123456 in WebElement with locator value new_password using locatorType id
10/02/22 05:53:00 PM Thursday - BaseClass - INFO : WebElement found with locator value confirm_new_password using locatorType id
10/02/22 05:53:00 PM Thursday - BaseClass - INFO : Sent the text 123456 in WebElement with locator value confirm_new_password using locatorType id
10/02/22 05:53:00 PM Thursday - BaseClass - INFO : WebElement found with locator value .btn.btn-primary.px-4.float-right using locatorType css
10/02/22 05:53:01 PM Thursday - BaseClass - INFO : Clicked on WebElement with locator value .btn.btn-primary.px-4.float-right using locatorType css
10/02/22 05:53:01 PM Thursday - BaseClass - INFO : WebElement found with locator value div.toast-message using locatorType css
10/02/22 05:53:02 PM Thursday - BaseClass - INFO : Got the text New Password cannot be same as your current password. Please choose a different password. from WebElement with locator value div.toast-message using locatorType css
10/02/22 05:53:34 PM Thursday - WebDriverClass - INFO : Chrome Driver is initializing
10/02/22 05:53:39 PM Thursday - BaseClass - INFO : Web Page Launched with URL : http://backend.tmsapp.2stallions.site/login
10/02/22 05:53:40 PM Thursday - BaseClass - INFO : WebElement found with locator value email using locatorType id
10/02/22 05:53:40 PM Thursday - BaseClass - INFO : Sent the text nikhil@2stallions.com in WebElement with locator value email using locatorType id
10/02/22 05:53:40 PM Thursday - BaseClass - INFO : WebElement found with locator value password using locatorType id
10/02/22 05:53:40 PM Thursday - BaseClass - INFO : Sent the text 123456 in WebElement with locator value password using locatorType id
10/02/22 05:53:40 PM Thursday - BaseClass - INFO : WebElement found with locator value //button using locatorType xpath
10/02/22 05:53:44 PM Thursday - BaseClass - INFO : Clicked on WebElement with locator value //button using locatorType xpath
10/02/22 05:53:44 PM Thursday - BaseClass - INFO : WebElement found with locator value (//span[@class='ml-1 nav-user-name hidden-sm'])[1] using locatorType xpath
10/02/22 05:53:44 PM Thursday - BaseClass - INFO : Clicked on WebElement with locator value (//span[@class='ml-1 nav-user-name hidden-sm'])[1] using locatorType xpath
10/02/22 05:53:44 PM Thursday - BaseClass - INFO : WebElement found with locator value //a[text()=' Change Password'] using locatorType xpath
10/02/22 05:53:44 PM Thursday - BaseClass - INFO : Clicked on WebElement with locator value //a[text()=' Change Password'] using locatorType xpath
10/02/22 05:53:44 PM Thursday - BaseClass - INFO : WebElement found with locator value old_password using locatorType id
10/02/22 05:53:44 PM Thursday - BaseClass - INFO : Sent the text 123456 in WebElement with locator value old_password using locatorType id
10/02/22 05:53:44 PM Thursday - BaseClass - INFO : WebElement found with locator value new_password using locatorType id
10/02/22 05:53:44 PM Thursday - BaseClass - INFO : Sent the text 123456 in WebElement with locator value new_password using locatorType id
10/02/22 05:53:44 PM Thursday - BaseClass - INFO : WebElement found with locator value confirm_new_password using locatorType id
10/02/22 05:53:45 PM Thursday - BaseClass - INFO : Sent the text 123456 in WebElement with locator value confirm_new_password using locatorType id
10/02/22 05:53:45 PM Thursday - BaseClass - INFO : WebElement found with locator value .btn.btn-primary.px-4.float-right using locatorType css
10/02/22 05:53:45 PM Thursday - BaseClass - INFO : Clicked on WebElement with locator value .btn.btn-primary.px-4.float-right using locatorType css
10/02/22 05:53:45 PM Thursday - BaseClass - INFO : WebElement found with locator value div.toast-message using locatorType css
10/02/22 05:53:45 PM Thursday - BaseClass - INFO : Got the text New Password cannot be same as your current password. Please choose a different password. from WebElement with locator value div.toast-message using locatorType css
10/02/22 05:54:24 PM Thursday - WebDriverClass - INFO : Chrome Driver is initializing
10/02/22 05:54:28 PM Thursday - BaseClass - INFO : Web Page Launched with URL : http://backend.tmsapp.2stallions.site/login
10/02/22 05:54:28 PM Thursday - BaseClass - INFO : WebElement found with locator value email using locatorType id
10/02/22 05:54:28 PM Thursday - BaseClass - INFO : Sent the text nikhil@2stallions.com in WebElement with locator value email using locatorType id
10/02/22 05:54:28 PM Thursday - BaseClass - INFO : WebElement found with locator value password using locatorType id
10/02/22 05:54:28 PM Thursday - BaseClass - INFO : Sent the text 123456 in WebElement with locator value password using locatorType id
10/02/22 05:54:28 PM Thursday - BaseClass - INFO : WebElement found with locator value //button using locatorType xpath
10/02/22 05:54:30 PM Thursday - BaseClass - INFO : Clicked on WebElement with locator value //button using locatorType xpath
10/02/22 05:54:30 PM Thursday - BaseClass - INFO : WebElement found with locator value (//span[@class='ml-1 nav-user-name hidden-sm'])[1] using locatorType xpath
10/02/22 05:54:30 PM Thursday - BaseClass - INFO : Clicked on WebElement with locator value (//span[@class='ml-1 nav-user-name hidden-sm'])[1] using locatorType xpath
10/02/22 05:54:30 PM Thursday - BaseClass - INFO : WebElement found with locator value (//a[normalize-space()='Logout'])[1] using locatorType xpath
10/02/22 05:54:31 PM Thursday - BaseClass - INFO : Clicked on WebElement with locator value (//a[normalize-space()='Logout'])[1] using locatorType xpath
10/02/22 05:54:31 PM Thursday - BaseClass - INFO : WebElement found with locator value (//a[normalize-space()='Forgot password?'])[1] using locatorType xpath
10/02/22 05:54:32 PM Thursday - BaseClass - INFO : Clicked on WebElement with locator value (//a[normalize-space()='Forgot password?'])[1] using locatorType xpath
10/02/22 05:54:32 PM Thursday - BaseClass - INFO : WebElement found with locator value email using locatorType id
10/02/22 05:54:32 PM Thursday - BaseClass - INFO : Sent the text testing@mail.com in WebElement with locator value email using locatorType id
10/02/22 05:54:32 PM Thursday - BaseClass - INFO : WebElement found with locator value //button using locatorType xpath
10/02/22 05:54:34 PM Thursday - BaseClass - INFO : Clicked on WebElement with locator value //button using locatorType xpath
10/02/22 05:54:34 PM Thursday - BaseClass - INFO : WebElement found with locator value //button using locatorType xpath
10/02/22 05:54:35 PM Thursday - BaseClass - INFO : Clicked on WebElement with locator value //button using locatorType xpath
10/02/22 05:54:36 PM Thursday - BaseClass - INFO : WebElement found with locator value .text-primary.ml-2 using locatorType css
10/02/22 05:54:36 PM Thursday - BaseClass - INFO : Clicked on WebElement with locator value .text-primary.ml-2 using locatorType css
10/02/22 05:54:42 PM Thursday - WebDriverClass - INFO : Chrome Driver is initializing
10/02/22 05:54:47 PM Thursday - BaseClass - INFO : Web Page Launched with URL : http://backend.tmsapp.2stallions.site/login
10/02/22 05:54:47 PM Thursday - BaseClass - INFO : WebElement found with locator value email using locatorType id
10/02/22 05:54:47 PM Thursday - BaseClass - INFO : Sent the text nikhil@2stallions.com in WebElement with locator value email using locatorType id
10/02/22 05:54:47 PM Thursday - BaseClass - INFO : WebElement found with locator value password using locatorType id
10/02/22 05:54:47 PM Thursday - BaseClass - INFO : Sent the text 123456 in WebElement with locator value password using locatorType id
10/02/22 05:54:47 PM Thursday - BaseClass - INFO : WebElement found with locator value //button using locatorType xpath
10/02/22 05:54:49 PM Thursday - BaseClass - INFO : Clicked on WebElement with locator value //button using locatorType xpath
10/02/22 05:54:49 PM Thursday - BaseClass - INFO : WebElement found with locator value (//span[@class='ml-1 nav-user-name hidden-sm'])[1] using locatorType xpath
10/02/22 05:54:49 PM Thursday - BaseClass - INFO : Clicked on WebElement with locator value (//span[@class='ml-1 nav-user-name hidden-sm'])[1] using locatorType xpath
10/02/22 05:54:49 PM Thursday - BaseClass - INFO : WebElement found with locator value //a[text()=' Change Password'] using locatorType xpath
10/02/22 05:54:50 PM Thursday - BaseClass - INFO : Clicked on WebElement with locator value //a[text()=' Change Password'] using locatorType xpath
10/02/22 05:54:50 PM Thursday - BaseClass - INFO : WebElement found with locator value old_password using locatorType id
10/02/22 05:54:50 PM Thursday - BaseClass - INFO : Sent the text 123456 in WebElement with locator value old_password using locatorType id
10/02/22 05:54:50 PM Thursday - BaseClass - INFO : WebElement found with locator value new_password using locatorType id
10/02/22 05:54:50 PM Thursday - BaseClass - INFO : Sent the text 123456 in WebElement with locator value new_password using locatorType id
10/02/22 05:54:50 PM Thursday - BaseClass - INFO : WebElement found with locator value confirm_new_password using locatorType id
10/02/22 05:54:50 PM Thursday - BaseClass - INFO : Sent the text 123456 in WebElement with locator value confirm_new_password using locatorType id
10/02/22 05:54:50 PM Thursday - BaseClass - INFO : WebElement found with locator value .btn.btn-primary.px-4.float-right using locatorType css
10/02/22 05:54:51 PM Thursday - BaseClass - INFO : Clicked on WebElement with locator value .btn.btn-primary.px-4.float-right using locatorType css
10/02/22 05:54:51 PM Thursday - BaseClass - INFO : WebElement found with locator value div.toast-message using locatorType css
10/02/22 05:54:52 PM Thursday - BaseClass - INFO : Got the text New Password cannot be same as your current password. Please choose a different password. from WebElement with locator value div.toast-message using locatorType css
10/02/22 05:55:02 PM Thursday - WebDriverClass - INFO : Chrome Driver is initializing
10/02/22 05:55:06 PM Thursday - BaseClass - INFO : Web Page Launched with URL : http://backend.tmsapp.2stallions.site/login
10/02/22 05:55:06 PM Thursday - BaseClass - INFO : WebElement found with locator value (//a[normalize-space()='Forgot password?'])[1] using locatorType xpath
10/02/22 05:55:08 PM Thursday - BaseClass - INFO : Clicked on WebElement with locator value (//a[normalize-space()='Forgot password?'])[1] using locatorType xpath
10/02/22 05:55:08 PM Thursday - BaseClass - INFO : WebElement found with locator value email using locatorType id
10/02/22 05:55:08 PM Thursday - BaseClass - INFO : Sent the text testing@mail.com in WebElement with locator value email using locatorType id
10/02/22 05:55:08 PM Thursday - BaseClass - INFO : WebElement found with locator value //button using locatorType xpath
10/02/22 05:55:09 PM Thursday - BaseClass - INFO : Clicked on WebElement with locator value //button using locatorType xpath
10/02/22 05:55:09 PM Thursday - BaseClass - INFO : WebElement found with locator value //button using locatorType xpath
10/02/22 05:55:10 PM Thursday - BaseClass - INFO : Clicked on WebElement with locator value //button using locatorType xpath
10/02/22 05:55:10 PM Thursday - BaseClass - INFO : WebElement found with locator value .text-primary.ml-2 using locatorType css
10/02/22 05:55:11 PM Thursday - BaseClass - INFO : Clicked on WebElement with locator value .text-primary.ml-2 using locatorType css
10/02/22 05:55:11 PM Thursday - BaseClass - INFO : WebElement found with locator value email using locatorType id
10/02/22 05:55:11 PM Thursday - BaseClass - INFO : Sent the text nikhil@2stallions.com in WebElement with locator value email using locatorType id
10/02/22 05:55:11 PM Thursday - BaseClass - INFO : WebElement found with locator value password using locatorType id
10/02/22 05:55:11 PM Thursday - BaseClass - INFO : Sent the text 123456 in WebElement with locator value password using locatorType id
10/02/22 05:55:11 PM Thursday - BaseClass - INFO : WebElement found with locator value //button using locatorType xpath
10/02/22 05:55:14 PM Thursday - BaseClass - INFO : Clicked on WebElement with locator value //button using locatorType xpath
10/02/22 05:55:14 PM Thursday - BaseClass - INFO : WebElement found with locator value (//span[@class='ml-1 nav-user-name hidden-sm'])[1] using locatorType xpath
10/02/22 05:55:14 PM Thursday - BaseClass - INFO : Clicked on WebElement with locator value (//span[@class='ml-1 nav-user-name hidden-sm'])[1] using locatorType xpath
10/02/22 05:55:14 PM Thursday - BaseClass - INFO : WebElement found with locator value (//a[normalize-space()='Logout'])[1] using locatorType xpath
10/02/22 05:55:16 PM Thursday - BaseClass - INFO : Clicked on WebElement with locator value (//a[normalize-space()='Logout'])[1] using locatorType xpath
10/02/22 06:00:30 PM Thursday - WebDriverClass - INFO : Chrome Driver is initializing
10/02/22 06:00:31 PM Thursday - WebDriverClass - INFO : Chrome Driver is initializing
10/02/22 06:00:32 PM Thursday - WebDriverClass - INFO : Chrome Driver is initializing
10/02/22 06:00:44 PM Thursday - BaseClass - INFO : Web Page Launched with URL : http://backend.tmsapp.2stallions.site/login
10/02/22 06:00:44 PM Thursday - BaseClass - INFO : WebElement found with locator value email using locatorType id
10/02/22 06:00:44 PM Thursday - BaseClass - INFO : Sent the text nikhil@2stallions.com in WebElement with locator value email using locatorType id
10/02/22 06:00:44 PM Thursday - BaseClass - INFO : WebElement found with locator value password using locatorType id
10/02/22 06:00:44 PM Thursday - BaseClass - INFO : Sent the text 123456 in WebElement with locator value password using locatorType id
10/02/22 06:00:44 PM Thursday - BaseClass - INFO : WebElement found with locator value //button using locatorType xpath
10/02/22 06:00:46 PM Thursday - BaseClass - INFO : Web Page Launched with URL : http://backend.tmsapp.2stallions.site/login
10/02/22 06:00:46 PM Thursday - BaseClass - INFO : WebElement found with locator value email using locatorType id
10/02/22 06:00:46 PM Thursday - BaseClass - INFO : Sent the text nikhil@2stallions.com in WebElement with locator value email using locatorType id
10/02/22 06:00:46 PM Thursday - BaseClass - INFO : Web Page Launched with URL : http://backend.tmsapp.2stallions.site/login
10/02/22 06:00:46 PM Thursday - BaseClass - INFO : WebElement found with locator value password using locatorType id
10/02/22 06:00:46 PM Thursday - BaseClass - INFO : WebElement found with locator value email using locatorType id
10/02/22 06:00:46 PM Thursday - BaseClass - INFO : Sent the text 123456 in WebElement with locator value password using locatorType id
10/02/22 06:00:46 PM Thursday - BaseClass - INFO : Sent the text nikhil@2stallions.com in WebElement with locator value email using locatorType id
10/02/22 06:00:46 PM Thursday - BaseClass - INFO : WebElement found with locator value //button using locatorType xpath
10/02/22 06:00:46 PM Thursday - BaseClass - INFO : WebElement found with locator value password using locatorType id
10/02/22 06:00:46 PM Thursday - BaseClass - INFO : Sent the text 123456 in WebElement with locator value password using locatorType id
10/02/22 06:00:46 PM Thursday - BaseClass - INFO : WebElement found with locator value //button using locatorType xpath
10/02/22 06:00:48 PM Thursday - BaseClass - INFO : Clicked on WebElement with locator value //button using locatorType xpath
10/02/22 06:00:48 PM Thursday - BaseClass - INFO : WebElement found with locator value (//span[@class='ml-1 nav-user-name hidden-sm'])[1] using locatorType xpath
10/02/22 06:00:48 PM Thursday - BaseClass - INFO : Clicked on WebElement with locator value (//span[@class='ml-1 nav-user-name hidden-sm'])[1] using locatorType xpath
10/02/22 06:00:48 PM Thursday - BaseClass - INFO : WebElement found with locator value (//a[normalize-space()='Logout'])[1] using locatorType xpath
10/02/22 06:00:49 PM Thursday - BaseClass - INFO : Clicked on WebElement with locator value //button using locatorType xpath
10/02/22 06:00:49 PM Thursday - BaseClass - INFO : WebElement found with locator value (//span[@class='ml-1 nav-user-name hidden-sm'])[1] using locatorType xpath
10/02/22 06:00:49 PM Thursday - BaseClass - INFO : Clicked on WebElement with locator value (//span[@class='ml-1 nav-user-name hidden-sm'])[1] using locatorType xpath
10/02/22 06:00:49 PM Thursday - BaseClass - INFO : WebElement found with locator value (//a[normalize-space()='Logout'])[1] using locatorType xpath
10/02/22 06:00:49 PM Thursday - BaseClass - INFO : Clicked on WebElement with locator value (//a[normalize-space()='Logout'])[1] using locatorType xpath
10/02/22 06:00:49 PM Thursday - BaseClass - INFO : WebElement found with locator value (//a[normalize-space()='Forgot password?'])[1] using locatorType xpath
10/02/22 06:00:49 PM Thursday - BaseClass - INFO : Clicked on WebElement with locator value //button using locatorType xpath
10/02/22 06:00:49 PM Thursday - BaseClass - INFO : WebElement found with locator value (//span[@class='ml-1 nav-user-name hidden-sm'])[1] using locatorType xpath
10/02/22 06:00:49 PM Thursday - BaseClass - INFO : Clicked on WebElement with locator value (//span[@class='ml-1 nav-user-name hidden-sm'])[1] using locatorType xpath
10/02/22 06:00:49 PM Thursday - BaseClass - INFO : WebElement found with locator value (//a[normalize-space()='Logout'])[1] using locatorType xpath
10/02/22 06:00:50 PM Thursday - BaseClass - INFO : Clicked on WebElement with locator value (//a[normalize-space()='Forgot password?'])[1] using locatorType xpath
10/02/22 06:00:50 PM Thursday - BaseClass - INFO : WebElement found with locator value email using locatorType id
10/02/22 06:00:50 PM Thursday - BaseClass - INFO : Sent the text testing@mail.com in WebElement with locator value email using locatorType id
10/02/22 06:00:50 PM Thursday - BaseClass - INFO : WebElement found with locator value //button using locatorType xpath
10/02/22 06:00:50 PM Thursday - BaseClass - INFO : Clicked on WebElement with locator value (//a[normalize-space()='Logout'])[1] using locatorType xpath
10/02/22 06:00:50 PM Thursday - BaseClass - INFO : WebElement found with locator value (//a[normalize-space()='Forgot password?'])[1] using locatorType xpath
10/02/22 06:00:51 PM Thursday - BaseClass - INFO : Clicked on WebElement with locator value (//a[normalize-space()='Logout'])[1] using locatorType xpath
10/02/22 06:00:51 PM Thursday - BaseClass - INFO : WebElement found with locator value (//a[normalize-space()='Forgot password?'])[1] using locatorType xpath
10/02/22 06:00:51 PM Thursday - BaseClass - INFO : Clicked on WebElement with locator value //button using locatorType xpath
10/02/22 06:00:51 PM Thursday - BaseClass - INFO : WebElement found with locator value //button using locatorType xpath
10/02/22 06:00:51 PM Thursday - BaseClass - INFO : Clicked on WebElement with locator value (//a[normalize-space()='Forgot password?'])[1] using locatorType xpath
10/02/22 06:00:51 PM Thursday - BaseClass - INFO : WebElement found with locator value email using locatorType id
10/02/22 06:00:51 PM Thursday - BaseClass - INFO : Sent the text testing@mail.com in WebElement with locator value email using locatorType id
10/02/22 06:00:51 PM Thursday - BaseClass - INFO : WebElement found with locator value //button using locatorType xpath
10/02/22 06:00:51 PM Thursday - BaseClass - INFO : Clicked on WebElement with locator value (//a[normalize-space()='Forgot password?'])[1] using locatorType xpath
10/02/22 06:00:51 PM Thursday - BaseClass - INFO : WebElement found with locator value email using locatorType id
10/02/22 06:00:51 PM Thursday - BaseClass - INFO : Sent the text testing@mail.com in WebElement with locator value email using locatorType id
10/02/22 06:00:51 PM Thursday - BaseClass - INFO : WebElement found with locator value //button using locatorType xpath
10/02/22 06:00:52 PM Thursday - BaseClass - INFO : Clicked on WebElement with locator value //button using locatorType xpath
10/02/22 06:00:52 PM Thursday - BaseClass - INFO : WebElement found with locator value .text-primary.ml-2 using locatorType css
10/02/22 06:00:52 PM Thursday - BaseClass - INFO : Clicked on WebElement with locator value //button using locatorType xpath
10/02/22 06:00:52 PM Thursday - BaseClass - INFO : WebElement found with locator value //button using locatorType xpath
10/02/22 06:00:52 PM Thursday - BaseClass - INFO : Clicked on WebElement with locator value //button using locatorType xpath
10/02/22 06:00:52 PM Thursday - BaseClass - INFO : WebElement found with locator value //button using locatorType xpath
10/02/22 06:00:52 PM Thursday - BaseClass - INFO : Clicked on WebElement with locator value .text-primary.ml-2 using locatorType css
10/02/22 06:00:53 PM Thursday - BaseClass - INFO : Clicked on WebElement with locator value //button using locatorType xpath
10/02/22 06:00:53 PM Thursday - BaseClass - INFO : WebElement found with locator value .text-primary.ml-2 using locatorType css
10/02/22 06:00:53 PM Thursday - BaseClass - INFO : Clicked on WebElement with locator value //button using locatorType xpath
10/02/22 06:00:53 PM Thursday - BaseClass - INFO : WebElement found with locator value .text-primary.ml-2 using locatorType css
10/02/22 06:00:53 PM Thursday - BaseClass - INFO : Clicked on WebElement with locator value .text-primary.ml-2 using locatorType css
10/02/22 06:00:54 PM Thursday - BaseClass - INFO : Clicked on WebElement with locator value .text-primary.ml-2 using locatorType css
10/02/22 06:01:03 PM Thursday - WebDriverClass - INFO : Chrome Driver is initializing
10/02/22 06:01:03 PM Thursday - WebDriverClass - INFO : Chrome Driver is initializing
10/02/22 06:01:03 PM Thursday - WebDriverClass - INFO : Chrome Driver is initializing
10/02/22 06:01:16 PM Thursday - BaseClass - INFO : Web Page Launched with URL : http://backend.tmsapp.2stallions.site/login
10/02/22 06:01:17 PM Thursday - BaseClass - INFO : Web Page Launched with URL : http://backend.tmsapp.2stallions.site/login
10/02/22 06:01:17 PM Thursday - BaseClass - INFO : WebElement found with locator value (//a[normalize-space()='Forgot password?'])[1] using locatorType xpath
10/02/22 06:01:17 PM Thursday - BaseClass - INFO : WebElement found with locator value email using locatorType id
10/02/22 06:01:17 PM Thursday - BaseClass - INFO : Sent the text nikhil@2stallions.com in WebElement with locator value email using locatorType id
10/02/22 06:01:17 PM Thursday - BaseClass - INFO : WebElement found with locator value password using locatorType id
10/02/22 06:01:17 PM Thursday - BaseClass - INFO : Sent the text 123456 in WebElement with locator value password using locatorType id
10/02/22 06:01:17 PM Thursday - BaseClass - INFO : WebElement found with locator value //button using locatorType xpath
10/02/22 06:01:18 PM Thursday - BaseClass - INFO : Clicked on WebElement with locator value (//a[normalize-space()='Forgot password?'])[1] using locatorType xpath
10/02/22 06:01:18 PM Thursday - BaseClass - INFO : WebElement found with locator value email using locatorType id
10/02/22 06:01:18 PM Thursday - BaseClass - INFO : Sent the text testing@mail.com in WebElement with locator value email using locatorType id
10/02/22 06:01:18 PM Thursday - BaseClass - INFO : WebElement found with locator value //button using locatorType xpath
10/02/22 06:01:19 PM Thursday - BaseClass - INFO : Web Page Launched with URL : http://backend.tmsapp.2stallions.site/login
10/02/22 06:01:19 PM Thursday - BaseClass - INFO : WebElement found with locator value email using locatorType id
10/02/22 06:01:19 PM Thursday - BaseClass - INFO : Sent the text nikhil@2stallions.com in WebElement with locator value email using locatorType id
10/02/22 06:01:19 PM Thursday - BaseClass - INFO : WebElement found with locator value password using locatorType id
10/02/22 06:01:19 PM Thursday - BaseClass - INFO : Sent the text 123456 in WebElement with locator value password using locatorType id
10/02/22 06:01:19 PM Thursday - BaseClass - INFO : WebElement found with locator value //button using locatorType xpath
10/02/22 06:01:20 PM Thursday - BaseClass - INFO : Clicked on WebElement with locator value //button using locatorType xpath
10/02/22 06:01:20 PM Thursday - BaseClass - INFO : WebElement found with locator value //button using locatorType xpath
10/02/22 06:01:21 PM Thursday - BaseClass - INFO : Clicked on WebElement with locator value //button using locatorType xpath
10/02/22 06:01:21 PM Thursday - BaseClass - INFO : WebElement found with locator value .text-primary.ml-2 using locatorType css
10/02/22 06:01:22 PM Thursday - BaseClass - INFO : Clicked on WebElement with locator value .text-primary.ml-2 using locatorType css
10/02/22 06:01:23 PM Thursday - BaseClass - INFO : Clicked on WebElement with locator value //button using locatorType xpath
10/02/22 06:01:23 PM Thursday - BaseClass - INFO : WebElement found with locator value (//span[@class='ml-1 nav-user-name hidden-sm'])[1] using locatorType xpath
10/02/22 06:01:23 PM Thursday - BaseClass - INFO : Clicked on WebElement with locator value (//span[@class='ml-1 nav-user-name hidden-sm'])[1] using locatorType xpath
10/02/22 06:01:23 PM Thursday - BaseClass - INFO : WebElement found with locator value (//a[normalize-space()='Logout'])[1] using locatorType xpath
10/02/22 06:01:23 PM Thursday - BaseClass - INFO : Clicked on WebElement with locator value //button using locatorType xpath
10/02/22 06:01:23 PM Thursday - BaseClass - INFO : WebElement found with locator value (//span[@class='ml-1 nav-user-name hidden-sm'])[1] using locatorType xpath
10/02/22 06:01:24 PM Thursday - BaseClass - INFO : Clicked on WebElement with locator value (//span[@class='ml-1 nav-user-name hidden-sm'])[1] using locatorType xpath
10/02/22 06:01:24 PM Thursday - BaseClass - INFO : WebElement found with locator value //a[text()=' Change Password'] using locatorType xpath
10/02/22 06:01:24 PM Thursday - BaseClass - INFO : Clicked on WebElement with locator value (//a[normalize-space()='Logout'])[1] using locatorType xpath
10/02/22 06:01:24 PM Thursday - BaseClass - INFO : Clicked on WebElement with locator value //a[text()=' Change Password'] using locatorType xpath
10/02/22 06:01:24 PM Thursday - BaseClass - INFO : WebElement found with locator value old_password using locatorType id
10/02/22 06:01:24 PM Thursday - BaseClass - INFO : Sent the text 123456 in WebElement with locator value old_password using locatorType id
10/02/22 06:01:24 PM Thursday - BaseClass - INFO : WebElement found with locator value new_password using locatorType id
10/02/22 06:01:24 PM Thursday - BaseClass - INFO : Sent the text 123456 in WebElement with locator value new_password using locatorType id
10/02/22 06:01:24 PM Thursday - BaseClass - INFO : WebElement found with locator value confirm_new_password using locatorType id
10/02/22 06:01:24 PM Thursday - BaseClass - INFO : Sent the text 123456 in WebElement with locator value confirm_new_password using locatorType id
10/02/22 06:01:24 PM Thursday - BaseClass - INFO : WebElement found with locator value .btn.btn-primary.px-4.float-right using locatorType css
10/02/22 06:01:25 PM Thursday - BaseClass - INFO : Clicked on WebElement with locator value .btn.btn-primary.px-4.float-right using locatorType css
10/02/22 06:01:25 PM Thursday - BaseClass - INFO : WebElement found with locator value div.toast-message using locatorType css
10/02/22 06:01:25 PM Thursday - BaseClass - INFO : Got the text New Password cannot be same as your current password. Please choose a different password. from WebElement with locator value div.toast-message using locatorType css
